<?xml version="1.0" encoding="UTF-8"?>
<!-- Generated by org.testng.reporters.JUnitXMLReporter -->
<testsuite ignored="0" hostname="DESKTOP-5OCDMTC" failures="0" tests="12" name="edgebrowser" time="3.354" errors="0" timestamp="2023-05-29T15:19:34 IST">
  <testcase classname="ujetix.genericutilities.BaseClass" name="@BeforeClass openBrowse" time="2.384">
    <failure type="java.lang.IllegalStateException" message="The path to the driver executable Unable to locate the msedgedriver executable; for more information on how to install drivers, see https://www.selenium.dev/documentation/webdriver/getting_started/install_drivers/">
      <![CDATA[java.lang.IllegalStateException: The path to the driver executable Unable to locate the msedgedriver executable; for more information on how to install drivers, see https://www.selenium.dev/documentation/webdriver/getting_started/install_drivers/
at org.openqa.selenium.internal.Require$StateChecker.nonNull(Require.java:314)
at org.openqa.selenium.remote.service.DriverFinder.getPath(DriverFinder.java:33)
at org.openqa.selenium.edge.EdgeDriver.generateExecutor(EdgeDriver.java:70)
at org.openqa.selenium.edge.EdgeDriver.<init>(EdgeDriver.java:60)
at org.openqa.selenium.edge.EdgeDriver.<init>(EdgeDriver.java:56)
at org.openqa.selenium.edge.EdgeDriver.<init>(EdgeDriver.java:48)
at org.openqa.selenium.edge.EdgeDriver.<init>(EdgeDriver.java:44)
at ujetix.genericutilities.BaseClass.openBrowse(BaseClass.java:45)
at java.base/java.util.ArrayList.forEach(ArrayList.java:1511)
at java.base/java.util.concurrent.FutureTask.run(FutureTask.java:317)
at java.base/java.util.concurrent.ThreadPoolExecutor.runWorker(ThreadPoolExecutor.java:1144)
at java.base/java.util.concurrent.ThreadPoolExecutor$Worker.run(ThreadPoolExecutor.java:642)
at java.base/java.lang.Thread.run(Thread.java:1589)
... Removed 14 stack frames]]>
    </failure>
  </testcase> <!-- @BeforeClass openBrowse -->
  <testcase classname="ujetix.genericutilities.BaseClass" name="@BeforeMethod loginApp" time="-1.685353773256E9">
    <skipped/>
  </testcase> <!-- @BeforeMethod loginApp -->
  <testcase classname="ujetix.genericutilities.BaseClass" name="@AfterMethod logout" time="-1.685353773308E9">
    <skipped/>
  </testcase> <!-- @AfterMethod logout -->
  <testcase classname="ujetix.genericutilities.BaseClass" name="@AfterClass closeBrowser" time="-1.685353773323E9">
    <skipped/>
  </testcase> <!-- @AfterClass closeBrowser -->
  <testcase classname="admin.TourPackage1" name="tourPackage" time="0.0">
    <skipped/>
  </testcase> <!-- tourPackage -->
  <testcase classname="jdbc.DataProviderClass2" name="employee" time="0.04"/>
  <testcase classname="jdbc.DataProviderClass2" name="employee" time="0.021"/>
  <testcase classname="jdbc.DataProviderClass2" name="employee" time="0.02"/>
  <testcase classname="jdbc.DataProviderClass2" name="employee" time="0.007"/>
  <testcase classname="jdbc.DataProviderClass2" name="employee" time="0.031"/>
  <testcase classname="jdbc.DataProviderClass2" name="employee" time="0.022"/>
  <testcase classname="jdbc.DataProviderClass2" name="employee" time="0.011"/>
  <testcase classname="jdbc.DataProviderClass2" name="employee" time="0.004"/>
  <testcase classname="jdbc.DataProviderClass2" name="print" time="0.018"/>
  <testcase classname="jdbc.DataProviderClass2" name="print" time="0.004"/>
  <testcase classname="jdbc.DataProviderClass2" name="print" time="0.006"/>
</testsuite> <!-- edgebrowser -->
