<?xml version="1.0" encoding="UTF-8"?>
<!-- Generated by org.testng.reporters.JUnitXMLReporter -->
<testsuite ignored="10" hostname="DESKTOP-5OCDMTC" failures="0" tests="1" name="Test" time="0.757" errors="0" timestamp="2023-05-29T15:19:16 IST">
  <testcase classname="ujetix.genericutilities.BaseClass" name="@BeforeClass openBrowse" time="-1.685353755455E9">
    <failure type="org.testng.TestNGException" message="
Parameter &amp;apos;browser&amp;apos; is required by BeforeClass on method openBrowse but has not been marked @Optional or defined
in C:\Users\Hitendra singhal\eclipse-workspace\Travel.Ujetix\testng.xml">
      <![CDATA[org.testng.TestNGException: 
Parameter 'browser' is required by BeforeClass on method openBrowse but has not been marked @Optional or defined
in C:\Users\Hitendra singhal\eclipse-workspace\Travel.Ujetix\testng.xml
at java.base/java.util.ArrayList.forEach(ArrayList.java:1511)
... Removed 22 stack frames]]>
    </failure>
  </testcase> <!-- @BeforeClass openBrowse -->
  <testcase classname="ujetix.genericutilities.BaseClass" name="@BeforeMethod loginApp" time="-1.685353755723E9">
    <skipped/>
  </testcase> <!-- @BeforeMethod loginApp -->
  <testcase classname="ujetix.genericutilities.BaseClass" name="@AfterMethod logout" time="-1.685353755879E9">
    <skipped/>
  </testcase> <!-- @AfterMethod logout -->
  <testcase classname="ujetix.genericutilities.BaseClass" name="@AfterClass closeBrowser" time="-1.685353755984E9">
    <skipped/>
  </testcase> <!-- @AfterClass closeBrowser -->
  <testcase classname="admin.ConfirmTheBooking" name="confirmTheBooking" time="0.0">
    <skipped/>
  </testcase> <!-- confirmTheBooking -->
  <testcase classname="ujetix.genericutilities.BaseClass" name="@AfterSuite databaseClose" time="0.0">
    <ignored/>
  </testcase> <!-- @AfterSuite databaseClose -->
  <testcase classname="ujetix.genericutilities.BaseClass" name="@AfterSuite databaseClose" time="0.0">
    <ignored/>
  </testcase> <!-- @AfterSuite databaseClose -->
  <testcase classname="ujetix.genericutilities.BaseClass" name="@AfterSuite databaseClose" time="0.0">
    <ignored/>
  </testcase> <!-- @AfterSuite databaseClose -->
  <testcase classname="ujetix.genericutilities.BaseClass" name="@AfterSuite databaseClose" time="0.0">
    <ignored/>
  </testcase> <!-- @AfterSuite databaseClose -->
  <testcase classname="ujetix.genericutilities.BaseClass" name="@AfterSuite databaseClose" time="0.0">
    <ignored/>
  </testcase> <!-- @AfterSuite databaseClose -->
  <testcase classname="ujetix.genericutilities.BaseClass" name="@BeforeSuite dbconnectivity" time="0.0">
    <ignored/>
  </testcase> <!-- @BeforeSuite dbconnectivity -->
  <testcase classname="ujetix.genericutilities.BaseClass" name="@BeforeSuite dbconnectivity" time="0.0">
    <ignored/>
  </testcase> <!-- @BeforeSuite dbconnectivity -->
  <testcase classname="ujetix.genericutilities.BaseClass" name="@BeforeSuite dbconnectivity" time="0.0">
    <ignored/>
  </testcase> <!-- @BeforeSuite dbconnectivity -->
  <testcase classname="ujetix.genericutilities.BaseClass" name="@BeforeSuite dbconnectivity" time="0.0">
    <ignored/>
  </testcase> <!-- @BeforeSuite dbconnectivity -->
  <testcase classname="ujetix.genericutilities.BaseClass" name="@BeforeSuite dbconnectivity" time="0.0">
    <ignored/>
  </testcase> <!-- @BeforeSuite dbconnectivity -->
</testsuite> <!-- Test -->
