<?xml version="1.0" encoding="UTF-8"?>
<testng-results ignored="0" total="1" passed="1" failed="0" skipped="0">
  <reporter-output>
    <line>
      <![CDATA[test1----->TestScript Execution Started]]>
    </line>
    <line>
      <![CDATA[test1TestScript Execution Successfull]]>
    </line>
  </reporter-output>
  <suite started-at="2023-07-10T22:30:04 IST" name="Default suite" finished-at="2023-07-10T22:30:06 IST" duration-ms="2190">
    <groups>
    </groups>
    <test started-at="2023-07-10T22:30:04 IST" name="Default test" finished-at="2023-07-10T22:30:06 IST" duration-ms="2190">
      <class name="stringpractice.AddTwoArrayDiffrentLength">
        <test-method signature="test1()[pri:0, instance:stringpractice.AddTwoArrayDiffrentLength@243c4f91]" started-at="2023-07-10T22:30:06 IST" name="test1" finished-at="2023-07-10T22:30:06 IST" duration-ms="86" status="PASS">
          <reporter-output>
            <line>
              <![CDATA[test1----->TestScript Execution Started]]>
            </line>
            <line>
              <![CDATA[test1TestScript Execution Successfull]]>
            </line>
          </reporter-output>
        </test-method> <!-- test1 -->
      </class> <!-- stringpractice.AddTwoArrayDiffrentLength -->
    </test> <!-- Default test -->
  </suite> <!-- Default suite -->
</testng-results>
